{"level":"info","message":"Template method not found, checking for WebComponent.html [required] and WebComponent.css [optional] files."}
{"level":"info","message":"HTML file (./WebComponent.html) for the component found."}
{"level":"info","message":"./WebComponent.css not found, so neglecting css file."}
{"level":"info","message":"Completed creation of template method for the component."}
{"level":"info","message":"Template method not found, checking for WebComponent.html [required] and WebComponent.css [optional] files."}
{"level":"info","message":"HTML file (./WebComponent.html) for the component found."}
{"level":"info","message":"Optional ./WebComponent.css not found, so neglecting css file."}
{"level":"info","message":"Completed creation of template method for the component."}
{"level":"info","message":"Template method not found, checking for WebComponent.html [required] and WebComponent.css [optional] files."}
{"level":"info","message":"HTML file (./WebComponent.html) for the component found."}
{"level":"info","message":"Optional ./WebComponent.css not found, so neglecting css file."}
{"level":"info","message":"Completed creation of template method for the component."}
{"level":"info","message":"Template method not found, checking for WebComponent.html [required] and WebComponent.css [optional] files."}
{"level":"info","message":"HTML file (./WebComponent.html) for the component found."}
{"level":"info","message":"Optional ./WebComponent.css not found, so neglecting css file."}
{"level":"info","message":"Completed creation of template method for the component."}
{"level":"info","message":"Template method not found, checking for WebComponent.html [required] and WebComponent.css [optional] files.","timestamp":"2018-09-09T08:21:59.037Z"}
{"level":"info","message":"HTML file (./WebComponent.html) for the component found.","timestamp":"2018-09-09T08:21:59.042Z"}
{"level":"info","message":"Optional ./WebComponent.css not found, so neglecting css file.","timestamp":"2018-09-09T08:21:59.043Z"}
{"level":"info","message":"Completed creation of template method for the component.","timestamp":"2018-09-09T08:21:59.045Z"}
{"level":"info","message":"Template method not found, checking for WebComponent.html [required] and WebComponent.css [optional] files.","timestamp":"2018-09-09T08:53:36.953Z"}
{"level":"info","message":"HTML file (./WebComponent.html) for the component found.","timestamp":"2018-09-09T08:53:36.957Z"}
{"level":"info","message":"Optional ./WebComponent.css not found, so neglecting css file.","timestamp":"2018-09-09T08:53:36.959Z"}
{"level":"info","message":"Completed creation of template method for the component.","timestamp":"2018-09-09T08:53:36.961Z"}
{"level":"info","message":"Template method not found, checking for WebComponent.html [required] and WebComponent.css [optional] files.","timestamp":"2018-09-09T08:53:42.973Z"}
{"level":"info","message":"HTML file (./WebComponent.html) for the component found.","timestamp":"2018-09-09T08:53:42.977Z"}
{"level":"info","message":"Optional ./WebComponent.css not found, so neglecting css file.","timestamp":"2018-09-09T08:53:42.979Z"}
{"level":"info","message":"Completed creation of template method for the component.","timestamp":"2018-09-09T08:53:42.981Z"}
{"level":"info","message":"Template method not found, checking for WebComponent.html [required] and WebComponent.css [optional] files.","timestamp":"2018-09-09T08:55:40.640Z"}
{"level":"info","message":"HTML file (./WebComponent.html) for the component found.","timestamp":"2018-09-09T08:55:40.644Z"}
{"level":"info","message":"Optional ./WebComponent.css not found, so neglecting css file.","timestamp":"2018-09-09T08:55:40.645Z"}
{"level":"info","message":"Completed creation of template method for the component.","timestamp":"2018-09-09T08:55:40.647Z"}
{"level":"info","message":"Template method not found, checking for WebComponent.html [required] and WebComponent.css [optional] files.","timestamp":"2018-09-09T10:22:37.722Z"}
{"level":"info","message":"HTML file (./WebComponent.html) for the component found.","timestamp":"2018-09-09T10:22:37.725Z"}
{"level":"info","message":"Optional ./WebComponent.css not found, so neglecting css file.","timestamp":"2018-09-09T10:22:37.727Z"}
{"level":"info","message":"Completed creation of template method for the component.","timestamp":"2018-09-09T10:22:37.765Z"}
{"level":"info","message":"Template method not found, checking for WebComponent.html [required] and WebComponent.css [optional] files.","timestamp":"2018-09-09T10:27:22.549Z"}
{"level":"info","message":"HTML file (./WebComponent.html) for the component found.","timestamp":"2018-09-09T10:27:22.552Z"}
{"level":"info","message":"Optional ./WebComponent.css not found, so neglecting css file.","timestamp":"2018-09-09T10:27:22.553Z"}
{"level":"info","message":"Completed creation of template method for the component.","timestamp":"2018-09-09T10:27:22.559Z"}
{"level":"info","message":"Template method not found, checking for WebComponent.html [required] and WebComponent.css [optional] files.","timestamp":"2018-09-09T10:28:45.316Z"}
{"level":"info","message":"HTML file (./WebComponent.html) for the component found.","timestamp":"2018-09-09T10:28:45.320Z"}
{"level":"info","message":"Optional ./WebComponent.css not found, so neglecting css file.","timestamp":"2018-09-09T10:28:45.321Z"}
{"level":"info","message":"Completed creation of template method for the component.","timestamp":"2018-09-09T10:28:45.326Z"}
{"level":"info","message":"Template method not found, checking for WebComponent.html [required] and WebComponent.css [optional] files.","timestamp":"2018-09-09T10:29:04.277Z"}
{"level":"info","message":"HTML file (./WebComponent.html) for the component found.","timestamp":"2018-09-09T10:29:04.280Z"}
{"level":"info","message":"Optional ./WebComponent.css not found, so neglecting css file.","timestamp":"2018-09-09T10:29:04.281Z"}
{"level":"info","message":"Completed creation of template method for the component.","timestamp":"2018-09-09T10:29:04.287Z"}
{"level":"info","message":"Template method not found, checking for Hello.html [required] and Hello.css [optional] files.","timestamp":"2018-09-09T10:29:04.390Z"}
{"level":"error","message":"Required ./Hello.html not found.","timestamp":"2018-09-09T10:29:04.391Z"}
{"level":"error","message":"Failed creation of template method for the component.","timestamp":"2018-09-09T10:29:04.392Z"}
{"level":"info","message":"Template method not found, checking for WebComponent.html [required] and WebComponent.css [optional] files.","timestamp":"2018-09-09T10:29:32.577Z"}
{"level":"info","message":"HTML file (./WebComponent.html) for the component found.","timestamp":"2018-09-09T10:29:32.580Z"}
{"level":"info","message":"Optional ./WebComponent.css not found, so neglecting css file.","timestamp":"2018-09-09T10:29:32.581Z"}
{"level":"info","message":"Completed creation of template method for the component.","timestamp":"2018-09-09T10:29:32.587Z"}
{"level":"info","message":"Template method not found, checking for Hello.html [required] and Hello.css [optional] files.","timestamp":"2018-09-09T10:29:32.690Z"}
{"level":"info","message":"HTML file (./Hello.html) for the component found.","timestamp":"2018-09-09T10:29:32.690Z"}
{"level":"info","message":"Optional ./Hello.css not found, so neglecting css file.","timestamp":"2018-09-09T10:29:32.691Z"}
{"level":"info","message":"Completed creation of template method for the component.","timestamp":"2018-09-09T10:29:32.691Z"}
{"level":"info","message":"Template method not found, checking for WebComponent.html [required] and WebComponent.css [optional] files.","timestamp":"2018-09-09T10:35:53.145Z"}
{"level":"info","message":"HTML file (./WebComponent.html) for the component found.","timestamp":"2018-09-09T10:35:53.148Z"}
{"level":"info","message":"Optional ./WebComponent.css not found, so neglecting css file.","timestamp":"2018-09-09T10:35:53.149Z"}
{"level":"info","message":"Completed creation of template method for the component.","timestamp":"2018-09-09T10:35:53.155Z"}
{"level":"info","message":"Template method not found, checking for Hello.html [required] and Hello.css [optional] files.","timestamp":"2018-09-09T10:35:53.259Z"}
{"level":"info","message":"HTML file (./Hello.html) for the component found.","timestamp":"2018-09-09T10:35:53.259Z"}
{"level":"info","message":"Optional ./Hello.css not found, so neglecting css file.","timestamp":"2018-09-09T10:35:53.260Z"}
{"level":"info","message":"Completed creation of template method for the component.","timestamp":"2018-09-09T10:35:53.260Z"}
{"level":"info","message":"Template method not found, checking for WebComponent.html [required] and WebComponent.css [optional] files.","timestamp":"2018-09-09T10:37:37.978Z"}
{"level":"info","message":"HTML file (./WebComponent.html) for the component found.","timestamp":"2018-09-09T10:37:37.981Z"}
{"level":"info","message":"Optional ./WebComponent.css not found, so neglecting css file.","timestamp":"2018-09-09T10:37:37.983Z"}
{"level":"info","message":"Completed creation of template method for the component.","timestamp":"2018-09-09T10:37:37.989Z"}
{"level":"info","message":"Template method not found, checking for Hello.html [required] and Hello.css [optional] files.","timestamp":"2018-09-09T10:37:38.094Z"}
{"level":"info","message":"HTML file (./Hello.html) for the component found.","timestamp":"2018-09-09T10:37:38.095Z"}
{"level":"info","message":"Optional ./Hello.css not found, so neglecting css file.","timestamp":"2018-09-09T10:37:38.096Z"}
{"level":"info","message":"Completed creation of template method for the component.","timestamp":"2018-09-09T10:37:38.097Z"}
{"level":"info","message":"Template method not found, checking for WebComponent.html [required] and WebComponent.css [optional] files.","timestamp":"2018-09-09T10:38:58.937Z"}
{"level":"info","message":"HTML file (./WebComponent.html) for the component found.","timestamp":"2018-09-09T10:38:58.941Z"}
{"level":"info","message":"Optional ./WebComponent.css not found, so neglecting css file.","timestamp":"2018-09-09T10:38:58.942Z"}
{"level":"info","message":"Completed creation of template method for the component.","timestamp":"2018-09-09T10:38:58.950Z"}
{"level":"info","message":"Template method not found, checking for Hello.html [required] and Hello.css [optional] files.","timestamp":"2018-09-09T10:38:59.058Z"}
{"level":"info","message":"HTML file (./Hello.html) for the component found.","timestamp":"2018-09-09T10:38:59.059Z"}
{"level":"info","message":"Optional ./Hello.css not found, so neglecting css file.","timestamp":"2018-09-09T10:38:59.060Z"}
{"level":"info","message":"Completed creation of template method for the component.","timestamp":"2018-09-09T10:38:59.061Z"}
{"level":"info","message":"Template method not found, checking for WebComponent.html [required] and WebComponent.css [optional] files.","timestamp":"2018-09-09T10:40:04.019Z"}
{"level":"info","message":"HTML file (./WebComponent.html) for the component found.","timestamp":"2018-09-09T10:40:04.025Z"}
{"level":"info","message":"Optional ./WebComponent.css not found, so neglecting css file.","timestamp":"2018-09-09T10:40:04.026Z"}
{"level":"info","message":"Completed creation of template method for the component.","timestamp":"2018-09-09T10:40:04.032Z"}
{"level":"info","message":"Template method not found, checking for Hello.html [required] and Hello.css [optional] files.","timestamp":"2018-09-09T10:40:04.142Z"}
{"level":"info","message":"HTML file (./Hello.html) for the component found.","timestamp":"2018-09-09T10:40:04.143Z"}
{"level":"info","message":"Optional ./Hello.css not found, so neglecting css file.","timestamp":"2018-09-09T10:40:04.143Z"}
{"level":"info","message":"Completed creation of template method for the component.","timestamp":"2018-09-09T10:40:04.144Z"}
{"level":"info","message":"Template method not found, checking for WebComponent.html [required] and WebComponent.css [optional] files.","timestamp":"2018-09-09T10:41:21.705Z"}
{"level":"info","message":"HTML file (./WebComponent.html) for the component found.","timestamp":"2018-09-09T10:41:21.709Z"}
{"level":"info","message":"Optional ./WebComponent.css not found, so neglecting css file.","timestamp":"2018-09-09T10:41:21.710Z"}
{"level":"info","message":"Completed creation of template method for the component.","timestamp":"2018-09-09T10:41:21.716Z"}
{"level":"info","message":"Template method not found, checking for Hello.html [required] and Hello.css [optional] files.","timestamp":"2018-09-09T10:41:21.835Z"}
{"level":"info","message":"HTML file (./Hello.html) for the component found.","timestamp":"2018-09-09T10:41:21.836Z"}
{"level":"info","message":"Optional ./Hello.css not found, so neglecting css file.","timestamp":"2018-09-09T10:41:21.837Z"}
{"level":"info","message":"Completed creation of template method for the component.","timestamp":"2018-09-09T10:41:21.838Z"}
{"level":"info","message":"Template method not found, checking for WebComponent.html [required] and WebComponent.css [optional] files.","timestamp":"2018-09-09T10:42:12.386Z"}
{"level":"info","message":"HTML file (./WebComponent.html) for the component found.","timestamp":"2018-09-09T10:42:12.389Z"}
{"level":"info","message":"Optional ./WebComponent.css not found, so neglecting css file.","timestamp":"2018-09-09T10:42:12.389Z"}
{"level":"info","message":"Completed creation of template method for the component.","timestamp":"2018-09-09T10:42:12.395Z"}
{"level":"info","message":"Template method not found, checking for Hello.html [required] and Hello.css [optional] files.","timestamp":"2018-09-09T10:42:12.510Z"}
{"level":"info","message":"HTML file (./Hello.html) for the component found.","timestamp":"2018-09-09T10:42:12.510Z"}
{"level":"info","message":"Optional ./Hello.css not found, so neglecting css file.","timestamp":"2018-09-09T10:42:12.511Z"}
{"level":"info","message":"Completed creation of template method for the component.","timestamp":"2018-09-09T10:42:12.511Z"}
{"level":"info","message":"Template method not found, checking for WebComponent.html [required] and WebComponent.css [optional] files.","timestamp":"2018-09-09T10:42:42.842Z"}
{"level":"info","message":"HTML file (./WebComponent.html) for the component found.","timestamp":"2018-09-09T10:42:42.845Z"}
{"level":"info","message":"Optional ./WebComponent.css not found, so neglecting css file.","timestamp":"2018-09-09T10:42:42.846Z"}
{"level":"info","message":"Completed creation of template method for the component.","timestamp":"2018-09-09T10:42:42.852Z"}
{"level":"info","message":"Template method not found, checking for Hello.html [required] and Hello.css [optional] files.","timestamp":"2018-09-09T10:42:42.973Z"}
{"level":"info","message":"HTML file (./Hello.html) for the component found.","timestamp":"2018-09-09T10:42:42.974Z"}
{"level":"info","message":"Optional ./Hello.css not found, so neglecting css file.","timestamp":"2018-09-09T10:42:42.974Z"}
{"level":"info","message":"Completed creation of template method for the component.","timestamp":"2018-09-09T10:42:42.974Z"}
{"level":"info","message":"Template method not found, checking for WebComponent.html [required] and WebComponent.css [optional] files.","timestamp":"2018-09-09T10:43:30.901Z"}
{"level":"info","message":"HTML file (./WebComponent.html) for the component found.","timestamp":"2018-09-09T10:43:30.904Z"}
{"level":"info","message":"Optional ./WebComponent.css not found, so neglecting css file.","timestamp":"2018-09-09T10:43:30.904Z"}
{"level":"info","message":"Completed creation of template method for the component.","timestamp":"2018-09-09T10:43:30.912Z"}
{"level":"info","message":"Template method not found, checking for Hello.html [required] and Hello.css [optional] files.","timestamp":"2018-09-09T10:43:31.040Z"}
{"level":"info","message":"HTML file (./Hello.html) for the component found.","timestamp":"2018-09-09T10:43:31.040Z"}
{"level":"info","message":"Optional ./Hello.css not found, so neglecting css file.","timestamp":"2018-09-09T10:43:31.041Z"}
{"level":"info","message":"Completed creation of template method for the component.","timestamp":"2018-09-09T10:43:31.041Z"}
{"level":"info","message":"Template method not found, checking for WebComponent.html [required] and WebComponent.css [optional] files.","timestamp":"2018-09-09T11:00:47.932Z"}
{"level":"info","message":"HTML file (./WebComponent.html) for the component found.","timestamp":"2018-09-09T11:00:47.936Z"}
{"level":"info","message":"Optional ./WebComponent.css not found, so neglecting css file.","timestamp":"2018-09-09T11:00:47.937Z"}
{"level":"info","message":"Completed creation of template method for the component.","timestamp":"2018-09-09T11:00:48.015Z"}
{"level":"info","message":"Template method not found, checking for Hello.html [required] and Hello.css [optional] files.","timestamp":"2018-09-09T11:00:48.629Z"}
{"level":"info","message":"HTML file (./Hello.html) for the component found.","timestamp":"2018-09-09T11:00:48.630Z"}
{"level":"info","message":"Optional ./Hello.css not found, so neglecting css file.","timestamp":"2018-09-09T11:00:48.631Z"}
{"level":"info","message":"Completed creation of template method for the component.","timestamp":"2018-09-09T11:00:48.632Z"}
{"level":"info","message":"Template method not found, checking for WebComponent.html [required] and WebComponent.css [optional] files.","timestamp":"2018-09-09T18:54:58.239Z"}
{"level":"info","message":"HTML file (./WebComponent.html) for the component found.","timestamp":"2018-09-09T18:54:58.242Z"}
{"level":"info","message":"Optional ./WebComponent.css not found, so neglecting css file.","timestamp":"2018-09-09T18:54:58.243Z"}
{"level":"info","message":"Completed creation of template method for the component.","timestamp":"2018-09-09T18:54:58.277Z"}
{"level":"info","message":"Template method not found, checking for Hello.html [required] and Hello.css [optional] files.","timestamp":"2018-09-09T18:54:58.754Z"}
{"level":"info","message":"HTML file (./Hello.html) for the component found.","timestamp":"2018-09-09T18:54:58.755Z"}
{"level":"info","message":"Optional ./Hello.css not found, so neglecting css file.","timestamp":"2018-09-09T18:54:58.756Z"}
{"level":"info","message":"Completed creation of template method for the component.","timestamp":"2018-09-09T18:54:58.757Z"}
{"level":"info","message":"Template method not found, checking for WebComponent.html [required] and WebComponent.css [optional] files.","timestamp":"2018-09-09T18:55:30.120Z"}
{"level":"info","message":"HTML file (./WebComponent.html) for the component found.","timestamp":"2018-09-09T18:55:30.123Z"}
{"level":"info","message":"Optional ./WebComponent.css not found, so neglecting css file.","timestamp":"2018-09-09T18:55:30.125Z"}
{"level":"info","message":"Completed creation of template method for the component.","timestamp":"2018-09-09T18:55:30.131Z"}
{"level":"info","message":"Template method not found, checking for Hello.html [required] and Hello.css [optional] files.","timestamp":"2018-09-09T18:55:30.249Z"}
{"level":"info","message":"HTML file (./Hello.html) for the component found.","timestamp":"2018-09-09T18:55:30.250Z"}
{"level":"info","message":"Optional ./Hello.css not found, so neglecting css file.","timestamp":"2018-09-09T18:55:30.251Z"}
{"level":"info","message":"Completed creation of template method for the component.","timestamp":"2018-09-09T18:55:30.253Z"}
{"level":"info","message":"Template method not found, checking for WebComponent.html [required] and WebComponent.css [optional] files.","timestamp":"2018-09-09T18:55:55.143Z"}
{"level":"info","message":"HTML file (./WebComponent.html) for the component found.","timestamp":"2018-09-09T18:55:55.146Z"}
{"level":"info","message":"CSS file (./WebComponent.css) for the component found.","timestamp":"2018-09-09T18:55:55.147Z"}
{"level":"info","message":"Completed creation of template method for the component.","timestamp":"2018-09-09T18:55:55.153Z"}
{"level":"info","message":"Template method not found, checking for Hello.html [required] and Hello.css [optional] files.","timestamp":"2018-09-09T18:55:55.271Z"}
{"level":"info","message":"HTML file (./Hello.html) for the component found.","timestamp":"2018-09-09T18:55:55.272Z"}
{"level":"info","message":"Optional ./Hello.css not found, so neglecting css file.","timestamp":"2018-09-09T18:55:55.273Z"}
{"level":"info","message":"Completed creation of template method for the component.","timestamp":"2018-09-09T18:55:55.274Z"}
{"level":"info","message":"Template method not found, checking for WebComponent.html [required] and WebComponent.css [optional] files.","timestamp":"2018-09-09T18:56:51.126Z"}
{"level":"info","message":"HTML file (./WebComponent.html) for the component found.","timestamp":"2018-09-09T18:56:51.129Z"}
{"level":"info","message":"CSS file (./WebComponent.css) for the component found.","timestamp":"2018-09-09T18:56:51.129Z"}
{"level":"info","message":"Completed creation of template method for the component.","timestamp":"2018-09-09T18:56:51.135Z"}
{"level":"info","message":"Template method not found, checking for Hello.html [required] and Hello.css [optional] files.","timestamp":"2018-09-09T18:56:51.255Z"}
{"level":"info","message":"HTML file (./Hello.html) for the component found.","timestamp":"2018-09-09T18:56:51.255Z"}
{"level":"info","message":"Optional ./Hello.css not found, so neglecting css file.","timestamp":"2018-09-09T18:56:51.255Z"}
{"level":"info","message":"Completed creation of template method for the component.","timestamp":"2018-09-09T18:56:51.256Z"}
{"level":"info","message":"Template method not found, checking for WebComponent.html [required] and WebComponent.css [optional] files.","timestamp":"2018-09-09T18:59:56.829Z"}
{"level":"info","message":"CSS file (./WebComponent.css) for the component found.","timestamp":"2018-09-09T18:59:56.832Z"}
{"level":"info","message":"HTML file (./WebComponent.html) for the component found.","timestamp":"2018-09-09T18:59:56.834Z"}
{"level":"info","message":"Completed creation of template method for the component.","timestamp":"2018-09-09T18:59:56.840Z"}
{"level":"info","message":"Template method not found, checking for Hello.html [required] and Hello.css [optional] files.","timestamp":"2018-09-09T18:59:56.964Z"}
{"level":"info","message":"Optional ./Hello.css not found, so neglecting css file.","timestamp":"2018-09-09T18:59:56.965Z"}
{"level":"info","message":"HTML file (./Hello.html) for the component found.","timestamp":"2018-09-09T18:59:56.966Z"}
{"level":"info","message":"Completed creation of template method for the component.","timestamp":"2018-09-09T18:59:56.967Z"}
{"level":"info","message":"Template method not found, checking for WebComponent.html [required] and WebComponent.css [optional] files.","timestamp":"2018-09-09T19:10:41.117Z"}
{"level":"info","message":"CSS file (./WebComponent.css) for the component found.","timestamp":"2018-09-09T19:10:41.120Z"}
{"level":"info","message":"HTML file (./WebComponent.html) for the component found.","timestamp":"2018-09-09T19:10:41.122Z"}
{"level":"info","message":"Completed creation of template method for the component.","timestamp":"2018-09-09T19:10:41.128Z"}
{"level":"info","message":"Template method not found, checking for Hello.html [required] and Hello.css [optional] files.","timestamp":"2018-09-09T19:10:41.250Z"}
{"level":"info","message":"Optional ./Hello.css not found, so neglecting css file.","timestamp":"2018-09-09T19:10:41.250Z"}
{"level":"info","message":"HTML file (./Hello.html) for the component found.","timestamp":"2018-09-09T19:10:41.251Z"}
{"level":"info","message":"Completed creation of template method for the component.","timestamp":"2018-09-09T19:10:41.252Z"}
{"level":"info","message":"Template method not found, checking for WebComponent.html [required] and WebComponent.css [optional] files.","timestamp":"2018-09-09T19:11:33.111Z"}
{"level":"info","message":"CSS file (./WebComponent.css) for the component found.","timestamp":"2018-09-09T19:11:33.113Z"}
{"level":"info","message":"HTML file (./WebComponent.html) for the component found.","timestamp":"2018-09-09T19:11:33.114Z"}
{"level":"info","message":"Completed creation of template method for the component.","timestamp":"2018-09-09T19:11:33.120Z"}
{"level":"info","message":"Template method not found, checking for Hello.html [required] and Hello.css [optional] files.","timestamp":"2018-09-09T19:11:33.237Z"}
{"level":"info","message":"Optional ./Hello.css not found, so neglecting css file.","timestamp":"2018-09-09T19:11:33.237Z"}
{"level":"info","message":"HTML file (./Hello.html) for the component found.","timestamp":"2018-09-09T19:11:33.237Z"}
{"level":"info","message":"Completed creation of template method for the component.","timestamp":"2018-09-09T19:11:33.238Z"}
{"level":"info","message":"Template method not found, checking for WebComponent.html [required] and WebComponent.css [optional] files.","timestamp":"2018-09-09T19:12:04.728Z"}
{"level":"info","message":"CSS file (./WebComponent.css) for the component found.","timestamp":"2018-09-09T19:12:04.730Z"}
{"level":"info","message":"HTML file (./WebComponent.html) for the component found.","timestamp":"2018-09-09T19:12:04.731Z"}
{"level":"info","message":"Completed creation of template method for the component.","timestamp":"2018-09-09T19:12:04.737Z"}
{"level":"info","message":"Template method not found, checking for Hello.html [required] and Hello.css [optional] files.","timestamp":"2018-09-09T19:12:04.855Z"}
{"level":"info","message":"Optional ./Hello.css not found, so neglecting css file.","timestamp":"2018-09-09T19:12:04.855Z"}
{"level":"info","message":"HTML file (./Hello.html) for the component found.","timestamp":"2018-09-09T19:12:04.855Z"}
{"level":"info","message":"Completed creation of template method for the component.","timestamp":"2018-09-09T19:12:04.856Z"}
{"level":"info","message":"Template method not found, checking for WebComponent.html [required] and WebComponent.css [optional] files.","timestamp":"2018-09-09T19:12:53.751Z"}
{"level":"info","message":"CSS file (./WebComponent.css) for the component found.","timestamp":"2018-09-09T19:12:53.754Z"}
{"level":"info","message":"HTML file (./WebComponent.html) for the component found.","timestamp":"2018-09-09T19:12:53.756Z"}
{"level":"info","message":"Completed creation of template method for the component.","timestamp":"2018-09-09T19:12:53.762Z"}
{"level":"info","message":"Template method not found, checking for Hello.html [required] and Hello.css [optional] files.","timestamp":"2018-09-09T19:12:53.879Z"}
{"level":"info","message":"Optional ./Hello.css not found, so neglecting css file.","timestamp":"2018-09-09T19:12:53.880Z"}
{"level":"info","message":"HTML file (./Hello.html) for the component found.","timestamp":"2018-09-09T19:12:53.881Z"}
{"level":"info","message":"Completed creation of template method for the component.","timestamp":"2018-09-09T19:12:53.881Z"}
{"level":"info","message":"Template method not found, checking for WebComponent.html [required] and WebComponent.css [optional] files.","timestamp":"2018-09-09T19:16:20.772Z"}
{"level":"info","message":"CSS file (./WebComponent.css) for the component found.","timestamp":"2018-09-09T19:16:20.775Z"}
{"level":"info","message":"HTML file (./WebComponent.html) for the component found.","timestamp":"2018-09-09T19:16:20.776Z"}
{"level":"info","message":"Completed creation of template method for the component.","timestamp":"2018-09-09T19:16:20.782Z"}
{"level":"info","message":"Template method not found, checking for Hello.html [required] and Hello.css [optional] files.","timestamp":"2018-09-09T19:16:20.900Z"}
{"level":"info","message":"Optional ./Hello.css not found, so neglecting css file.","timestamp":"2018-09-09T19:16:20.901Z"}
{"level":"info","message":"HTML file (./Hello.html) for the component found.","timestamp":"2018-09-09T19:16:20.901Z"}
{"level":"info","message":"Completed creation of template method for the component.","timestamp":"2018-09-09T19:16:20.901Z"}
{"level":"info","message":"Template method not found, checking for WebComponent.html [required] and WebComponent.css [optional] files.","timestamp":"2018-09-09T19:16:49.812Z"}
{"level":"info","message":"CSS file (./WebComponent.css) for the component found.","timestamp":"2018-09-09T19:16:49.816Z"}
{"level":"info","message":"HTML file (./WebComponent.html) for the component found.","timestamp":"2018-09-09T19:16:49.817Z"}
{"level":"info","message":"Completed creation of template method for the component.","timestamp":"2018-09-09T19:16:49.824Z"}
{"level":"info","message":"Template method not found, checking for Hello.html [required] and Hello.css [optional] files.","timestamp":"2018-09-09T19:16:49.945Z"}
{"level":"info","message":"Optional ./Hello.css not found, so neglecting css file.","timestamp":"2018-09-09T19:16:49.946Z"}
{"level":"info","message":"HTML file (./Hello.html) for the component found.","timestamp":"2018-09-09T19:16:49.947Z"}
{"level":"info","message":"Completed creation of template method for the component.","timestamp":"2018-09-09T19:16:49.947Z"}
{"level":"info","message":"Template method not found, checking for WebComponent.html [required] and WebComponent.css [optional] files.","timestamp":"2018-09-09T19:18:51.485Z"}
{"level":"info","message":"CSS file (./WebComponent.css) for the component found.","timestamp":"2018-09-09T19:18:51.488Z"}
{"level":"info","message":"HTML file (./WebComponent.html) for the component found.","timestamp":"2018-09-09T19:18:51.489Z"}
{"level":"info","message":"Completed creation of template method for the component.","timestamp":"2018-09-09T19:18:51.495Z"}
{"level":"info","message":"Template method not found, checking for Hello.html [required] and Hello.css [optional] files.","timestamp":"2018-09-09T19:18:51.615Z"}
{"level":"info","message":"Optional ./Hello.css not found, so neglecting css file.","timestamp":"2018-09-09T19:18:51.616Z"}
{"level":"info","message":"HTML file (./Hello.html) for the component found.","timestamp":"2018-09-09T19:18:51.616Z"}
{"level":"info","message":"Completed creation of template method for the component.","timestamp":"2018-09-09T19:18:51.617Z"}
{"level":"info","message":"Template method not found, checking for WebComponent.html [required] and WebComponent.css [optional] files.","timestamp":"2018-09-09T19:25:52.363Z"}
{"level":"info","message":"HTML file (./WebComponent.html) for the component found.","timestamp":"2018-09-09T19:25:52.366Z"}
{"level":"info","message":"CSS file (./WebComponent.css) for the component found.","timestamp":"2018-09-09T19:25:52.367Z"}
{"level":"info","message":"Completed creation of template method for the component.","timestamp":"2018-09-09T19:25:52.373Z"}
{"level":"info","message":"Template method not found, checking for Hello.html [required] and Hello.css [optional] files.","timestamp":"2018-09-09T19:25:52.495Z"}
{"level":"info","message":"HTML file (./Hello.html) for the component found.","timestamp":"2018-09-09T19:25:52.495Z"}
{"level":"info","message":"Optional ./Hello.css not found, so neglecting css file.","timestamp":"2018-09-09T19:25:52.496Z"}
{"level":"info","message":"Completed creation of template method for the component.","timestamp":"2018-09-09T19:25:52.496Z"}
{"level":"info","message":"Template method not found, checking for WebComponent.html [required] and WebComponent.css [optional] files.","timestamp":"2018-09-09T19:26:28.185Z"}
{"level":"info","message":"HTML file (./WebComponent.html) for the component found.","timestamp":"2018-09-09T19:26:28.189Z"}
{"level":"info","message":"CSS file (./WebComponent.css) for the component found.","timestamp":"2018-09-09T19:26:28.190Z"}
{"level":"info","message":"Completed creation of template method for the component.","timestamp":"2018-09-09T19:26:28.196Z"}
{"level":"info","message":"Template method not found, checking for Hello.html [required] and Hello.css [optional] files.","timestamp":"2018-09-09T19:26:28.317Z"}
{"level":"info","message":"HTML file (./Hello.html) for the component found.","timestamp":"2018-09-09T19:26:28.318Z"}
{"level":"info","message":"Optional ./Hello.css not found, so neglecting css file.","timestamp":"2018-09-09T19:26:28.318Z"}
{"level":"info","message":"Completed creation of template method for the component.","timestamp":"2018-09-09T19:26:28.318Z"}
{"level":"info","message":"Template method not found, checking for WebComponent.html [required] and WebComponent.css [optional] files.","timestamp":"2018-09-09T19:26:56.902Z"}
{"level":"info","message":"HTML file (./WebComponent.html) for the component found.","timestamp":"2018-09-09T19:26:56.905Z"}
{"level":"info","message":"CSS file (./WebComponent.css) for the component found.","timestamp":"2018-09-09T19:26:56.906Z"}
{"level":"info","message":"Completed creation of template method for the component.","timestamp":"2018-09-09T19:26:56.913Z"}
{"level":"info","message":"Template method not found, checking for Hello.html [required] and Hello.css [optional] files.","timestamp":"2018-09-09T19:26:57.034Z"}
{"level":"info","message":"HTML file (./Hello.html) for the component found.","timestamp":"2018-09-09T19:26:57.035Z"}
{"level":"info","message":"Optional ./Hello.css not found, so neglecting css file.","timestamp":"2018-09-09T19:26:57.036Z"}
{"level":"info","message":"Completed creation of template method for the component.","timestamp":"2018-09-09T19:26:57.037Z"}
{"level":"info","message":"Template method not found, checking for WebComponent.html [required] and WebComponent.css [optional] files.","timestamp":"2018-09-09T19:33:56.601Z"}
{"level":"info","message":"HTML file (./WebComponent.html) for the component found.","timestamp":"2018-09-09T19:33:56.604Z"}
{"level":"info","message":"CSS file (./WebComponent.css) for the component found.","timestamp":"2018-09-09T19:33:56.605Z"}
{"level":"info","message":"Completed creation of template method for the component.","timestamp":"2018-09-09T19:33:56.610Z"}
{"level":"info","message":"Template method not found, checking for Hello.html [required] and Hello.css [optional] files.","timestamp":"2018-09-09T19:33:56.730Z"}
{"level":"info","message":"HTML file (./Hello.html) for the component found.","timestamp":"2018-09-09T19:33:56.730Z"}
{"level":"info","message":"Optional ./Hello.css not found, so neglecting css file.","timestamp":"2018-09-09T19:33:56.731Z"}
{"level":"info","message":"Completed creation of template method for the component.","timestamp":"2018-09-09T19:33:56.731Z"}
{"level":"info","message":"Template method not found, checking for WebComponent.html [required] and WebComponent.css [optional] files.","timestamp":"2018-09-09T19:36:46.890Z"}
{"level":"info","message":"HTML file (./WebComponent.html) for the component found.","timestamp":"2018-09-09T19:36:46.894Z"}
{"level":"info","message":"CSS file (./WebComponent.css) for the component found.","timestamp":"2018-09-09T19:36:46.895Z"}
{"level":"info","message":"Completed creation of template method for the component.","timestamp":"2018-09-09T19:36:46.902Z"}
{"level":"info","message":"Template method not found, checking for Hello.html [required] and Hello.css [optional] files.","timestamp":"2018-09-09T19:36:47.026Z"}
{"level":"info","message":"HTML file (./Hello.html) for the component found.","timestamp":"2018-09-09T19:36:47.027Z"}
{"level":"info","message":"Optional ./Hello.css not found, so neglecting css file.","timestamp":"2018-09-09T19:36:47.028Z"}
{"level":"info","message":"Completed creation of template method for the component.","timestamp":"2018-09-09T19:36:47.029Z"}
{"level":"info","message":"Template method not found, checking for WebComponent.html [required] and WebComponent.css [optional] files.","timestamp":"2018-09-09T19:38:31.331Z"}
{"level":"info","message":"HTML file (./WebComponent.html) for the component found.","timestamp":"2018-09-09T19:38:31.334Z"}
{"level":"info","message":"CSS file (./WebComponent.css) for the component found.","timestamp":"2018-09-09T19:38:31.335Z"}
{"level":"info","message":"Completed creation of template method for the component.","timestamp":"2018-09-09T19:38:31.340Z"}
{"level":"info","message":"Template method not found, checking for Hello.html [required] and Hello.css [optional] files.","timestamp":"2018-09-09T19:38:31.461Z"}
{"level":"info","message":"HTML file (./Hello.html) for the component found.","timestamp":"2018-09-09T19:38:31.461Z"}
{"level":"info","message":"Optional ./Hello.css not found, so neglecting css file.","timestamp":"2018-09-09T19:38:31.462Z"}
{"level":"info","message":"Completed creation of template method for the component.","timestamp":"2018-09-09T19:38:31.462Z"}
{"level":"info","message":"Template method not found, checking for WebComponent.html [required] and WebComponent.css [optional] files.","timestamp":"2018-09-09T19:39:02.584Z"}
{"level":"info","message":"HTML file (./WebComponent.html) for the component found.","timestamp":"2018-09-09T19:39:02.587Z"}
{"level":"info","message":"CSS file (./WebComponent.css) for the component found.","timestamp":"2018-09-09T19:39:02.587Z"}
{"level":"info","message":"Completed creation of template method for the component.","timestamp":"2018-09-09T19:39:02.593Z"}
{"level":"info","message":"Template method not found, checking for Hello.html [required] and Hello.css [optional] files.","timestamp":"2018-09-09T19:39:02.713Z"}
{"level":"info","message":"HTML file (./Hello.html) for the component found.","timestamp":"2018-09-09T19:39:02.714Z"}
{"level":"info","message":"Optional ./Hello.css not found, so neglecting css file.","timestamp":"2018-09-09T19:39:02.714Z"}
{"level":"info","message":"Completed creation of template method for the component.","timestamp":"2018-09-09T19:39:02.715Z"}
{"level":"info","message":"Template method not found, checking for WebComponent.html [required] and WebComponent.css [optional] files.","timestamp":"2018-09-09T19:40:42.612Z"}
{"level":"info","message":"HTML file (./WebComponent.html) for the component found.","timestamp":"2018-09-09T19:40:42.615Z"}
{"level":"info","message":"CSS file (./WebComponent.css) for the component found.","timestamp":"2018-09-09T19:40:42.615Z"}
{"level":"info","message":"Completed creation of template method for the component.","timestamp":"2018-09-09T19:40:42.621Z"}
{"level":"info","message":"Template method not found, checking for Hello.html [required] and Hello.css [optional] files.","timestamp":"2018-09-09T19:40:42.743Z"}
{"level":"info","message":"HTML file (./Hello.html) for the component found.","timestamp":"2018-09-09T19:40:42.743Z"}
{"level":"info","message":"Optional ./Hello.css not found, so neglecting css file.","timestamp":"2018-09-09T19:40:42.743Z"}
{"level":"info","message":"Completed creation of template method for the component.","timestamp":"2018-09-09T19:40:42.744Z"}
